<?xml version="1.0" encoding="UTF-8"?>
<!-- Generated by org.testng.reporters.JUnitReportReporter -->
<testsuite hostname="LTIN517422" failures="0" tests="1" name="Automation.FirstCode" time="0.006" errors="0" timestamp="2024-09-09T15:59:45 IST" skipped="0">
  <testcase classname="Automation.FirstCode" name="basicRun" time="0.006"/>
</testsuite> <!-- Automation.FirstCode -->
